ERROR - 2023-01-26 14:27:39 --> mysqli_sql_exception: Unknown column 'activo' in 'where clause' in C:\xampp\htdocs\pedidos\system\Database\MySQLi\Connection.php:295
Stack trace:
#0 C:\xampp\htdocs\pedidos\system\Database\MySQLi\Connection.php(295): mysqli->query('SELECT *\nFROM `...', 0)
#1 C:\xampp\htdocs\pedidos\system\Database\BaseConnection.php(691): CodeIgniter\Database\MySQLi\Connection->execute('SELECT *\nFROM `...')
#2 C:\xampp\htdocs\pedidos\system\Database\BaseConnection.php(605): CodeIgniter\Database\BaseConnection->simpleQuery('SELECT *\nFROM `...')
#3 C:\xampp\htdocs\pedidos\system\Database\BaseBuilder.php(1602): CodeIgniter\Database\BaseConnection->query('SELECT *\nFROM `...', Array, false)
#4 C:\xampp\htdocs\pedidos\system\Model.php(240): CodeIgniter\Database\BaseBuilder->get()
#5 C:\xampp\htdocs\pedidos\system\BaseModel.php(618): CodeIgniter\Model->doFindAll(0, 0)
#6 C:\xampp\htdocs\pedidos\app\Controllers\Categorias.php(17): CodeIgniter\BaseModel->findAll()
#7 C:\xampp\htdocs\pedidos\system\CodeIgniter.php(934): App\Controllers\Categorias->index()
#8 C:\xampp\htdocs\pedidos\system\CodeIgniter.php(499): CodeIgniter\CodeIgniter->runController(Object(App\Controllers\Categorias))
#9 C:\xampp\htdocs\pedidos\system\CodeIgniter.php(368): CodeIgniter\CodeIgniter->handleRequest(NULL, Object(Config\Cache), false)
#10 C:\xampp\htdocs\pedidos\public\index.php(67): CodeIgniter\CodeIgniter->run()
#11 {main}
CRITICAL - 2023-01-26 14:27:39 --> Unknown column 'activo' in 'where clause'
in SYSTEMPATH\Database\BaseConnection.php on line 645.
 1 SYSTEMPATH\Database\BaseBuilder.php(1602): CodeIgniter\Database\BaseConnection->query('SELECT *
FROM `categorias`
WHERE `activo` = :activo:', [...], false)
 2 SYSTEMPATH\Model.php(240): CodeIgniter\Database\BaseBuilder->get()
 3 SYSTEMPATH\BaseModel.php(618): CodeIgniter\Model->doFindAll(0, 0)
 4 APPPATH\Controllers\Categorias.php(17): CodeIgniter\BaseModel->findAll()
 5 SYSTEMPATH\CodeIgniter.php(934): App\Controllers\Categorias->index()
 6 SYSTEMPATH\CodeIgniter.php(499): CodeIgniter\CodeIgniter->runController(Object(App\Controllers\Categorias))
 7 SYSTEMPATH\CodeIgniter.php(368): CodeIgniter\CodeIgniter->handleRequest(null, Object(Config\Cache), false)
 8 FCPATH\index.php(67): CodeIgniter\CodeIgniter->run()
CRITICAL - 2023-01-26 14:33:07 --> Undefined variable $titutlo
in APPPATH\Views\categorias\contents.php on line 7.
 1 APPPATH\Views\categorias\contents.php(7): CodeIgniter\Debug\Exceptions->errorHandler(2, 'Undefined variable $titutlo', 'APPPATH\\Views\\categorias\\contents.php', 7)
 2 SYSTEMPATH\View\View.php(213): include('APPPATH\\Views\\categorias\\contents.php')
 3 SYSTEMPATH\View\View.php(216): CodeIgniter\View\View->CodeIgniter\View\{closure}()
 4 SYSTEMPATH\Common.php(1177): CodeIgniter\View\View->render('categorias/contents', [], true)
 5 APPPATH\Controllers\Categorias.php(20): view('categorias/contents', [...])
 6 SYSTEMPATH\CodeIgniter.php(934): App\Controllers\Categorias->index()
 7 SYSTEMPATH\CodeIgniter.php(499): CodeIgniter\CodeIgniter->runController(Object(App\Controllers\Categorias))
 8 SYSTEMPATH\CodeIgniter.php(368): CodeIgniter\CodeIgniter->handleRequest(null, Object(Config\Cache), false)
 9 FCPATH\index.php(67): CodeIgniter\CodeIgniter->run()
